<?xml version="1.0" encoding="utf-8" standalone="no"?>
<!--This file represents the results of running a test suite-->
<test-results name="D:\Projects\DotBits\Utils_3.5\source\test\NUnitTests\bin\Debug\DotBits.NUnitTests.dll" total="6" failures="0" not-run="0" date="2008-07-12" time="17:13:02">
  <environment nunit-version="2.2.10.0" clr-version="2.0.50727.1434" os-version="Microsoft Windows NT 6.0.6001 Service Pack 1" platform="Win32NT" cwd="D:\Projects\DotBits\Utils_3.5\tools\NUnit" machine-name="BLACKBOX" user="Tony" user-domain="BLACKBOX" />
  <culture-info current-culture="en-US" current-uiculture="en-US" />
  <test-suite name="D:\Projects\DotBits\Utils_3.5\source\test\NUnitTests\bin\Debug\DotBits.NUnitTests.dll" success="True" time="0.104" asserts="0">
    <results>
      <test-suite name="D:\Projects\DotBits\Utils_3.5\source\test\NUnitTests\bin\Debug\DotBits.NUnitTests.dll" success="True" time="0.101" asserts="0">
        <results>
          <test-suite name="DotBits" success="True" time="0.038" asserts="0">
            <results>
              <test-suite name="NUnitTests" success="True" time="0.036" asserts="0">
                <results>
                  <test-suite name="TimeZoneTests" success="True" time="0.034" asserts="0">
                    <results>
                      <test-case name="DotBits.NUnitTests.TimeZoneTests.GetTimeZones" executed="True" success="True" time="0.031" asserts="0" />
                    </results>
                  </test-suite>
                </results>
              </test-suite>
            </results>
          </test-suite>
          <test-suite name="NUnitTests" success="True" time="0.061" asserts="0">
            <results>
              <test-suite name="MathTests" success="True" time="0.012" asserts="0">
                <results>
                  <test-case name="NUnitTests.MathTests.TimeToFloatHours" executed="True" success="True" time="0.011" asserts="0" />
                  <test-case name="NUnitTests.MathTests.TimeToTextHours" executed="True" success="True" time="0.000" asserts="0" />
                </results>
              </test-suite>
              <test-suite name="StringTests" success="True" time="0.048" asserts="0">
                <results>
                  <test-case name="NUnitTests.StringTests.TestHashIt" executed="True" success="True" time="0.041" asserts="4" />
                  <test-case name="NUnitTests.StringTests.TestKeyGen" executed="True" success="True" time="0.002" asserts="1" />
                  <test-case name="NUnitTests.StringTests.TestPrettyDate" executed="True" success="True" time="0.004" asserts="31" />
                </results>
              </test-suite>
            </results>
          </test-suite>
        </results>
      </test-suite>
    </results>
  </test-suite>
</test-results>